[01m[K/home/galliumos/kinetic_final/src/simple/src/move.cpp:[m[K In function â€˜[01m[Kint main(int, char**)[m[Kâ€™:
[01m[K/home/galliumos/kinetic_final/src/simple/src/move.cpp:31:15:[m[K [01;31m[Kerror: [m[Kâ€˜[01m[KPath[m[Kâ€™ was not declared in this scope
     std::pair<Path, double> AStarResult;
[01;32m[K               ^[m[K
[01m[K/home/galliumos/kinetic_final/src/simple/src/move.cpp:31:15:[m[K [01;36m[Knote: [m[Ksuggested alternative:
In file included from [01m[K/home/galliumos/kinetic_final/src/simple/src/move.cpp:2:0[m[K:
[01m[K/home/galliumos/kinetic_final/src/occupancy_grid_utils/include/occupancy_grid_utils/shortest_path.h:76:27:[m[K [01;36m[Knote: [m[K  â€˜[01m[Koccupancy_grid_utils::Path[m[Kâ€™
 typedef std::vector<Cell> Path;
[01;32m[K                           ^[m[K
[01m[K/home/galliumos/kinetic_final/src/simple/src/move.cpp:31:27:[m[K [01;31m[Kerror: [m[Ktemplate argument 1 is invalid
     std::pair<Path, double> AStarResult;
[01;32m[K                           ^[m[K
make[2]: *** [CMakeFiles/move.dir/src/move.cpp.o] Error 1
make[1]: *** [CMakeFiles/move.dir/all] Error 2
make: *** [all] Error 2
