[01m[K/home/galliumos/kinetic_final/src/simple/src/map_explorer.cpp:[m[K In function â€˜[01m[Kint main(int, char**)[m[Kâ€™:
[01m[K/home/galliumos/kinetic_final/src/simple/src/map_explorer.cpp:44:71:[m[K [01;31m[Kerror: [m[Kâ€˜[01m[Kobstacles_callback[m[Kâ€™ was not declared in this scope
     ros::Subscriber obstacles_sub = nh.subscribe("/obstacles", 1000, &obstacles_callback);
[01;32m[K                                                                       ^[m[K
[01m[K/home/galliumos/kinetic_final/src/simple/src/map_explorer.cpp:58:46:[m[K [01;31m[Kerror: [m[Kexpected unqualified-id before â€˜[01m[K>[m[Kâ€™ token
                 double random_heading = rng->>uniformReal(0, 2 * M_PI);
[01;32m[K                                              ^[m[K
[01m[K/home/galliumos/kinetic_final/src/simple/src/map_explorer.cpp:58:70:[m[K [01;31m[Kerror: [m[Kâ€˜[01m[KuniformReal[m[Kâ€™ was not declared in this scope
                 double random_heading = rng->>uniformReal(0, 2 * M_PI);
[01;32m[K                                                                      ^[m[K
make[2]: *** [CMakeFiles/map_explorer.dir/src/map_explorer.cpp.o] Error 1
make[1]: *** [CMakeFiles/map_explorer.dir/all] Error 2
make: *** [all] Error 2
