[01m[K/home/galliumos/kinetic_final/src/simple/src/averagefilter.cpp:9:42:[m[K [01;31m[Kerror: [m[Kexpected initializer before â€˜[01m[Kamcl_pose[m[Kâ€™
 geometry_msgs::PoseWithCovarianceStamped amcl_pose;
[01;32m[K                                          ^[m[K
[01m[K/home/galliumos/kinetic_final/src/simple/src/averagefilter.cpp:[m[K In function â€˜[01m[Kint main(int, char**)[m[Kâ€™:
[01m[K/home/galliumos/kinetic_final/src/simple/src/averagefilter.cpp:33:32:[m[K [01;31m[Kerror: [m[Kâ€˜[01m[Kamcl_pose[m[Kâ€™ was not declared in this scope
         avg_pose.position.x = (amcl_pose.pose.pose.position.x + ekf_pose.pose.pose.position.x) / 2;
[01;32m[K                                ^[m[K
[01m[K/home/galliumos/kinetic_final/src/simple/src/averagefilter.cpp:[m[K In function â€˜[01m[Kvoid amcl_callback(const PoseWithCovarianceStamped&)[m[Kâ€™:
[01m[K/home/galliumos/kinetic_final/src/simple/src/averagefilter.cpp:57:5:[m[K [01;31m[Kerror: [m[Kâ€˜[01m[Kamcl_pose[m[Kâ€™ was not declared in this scope
     amcl_pose = msg;
[01;32m[K     ^[m[K
make[2]: *** [CMakeFiles/averagefilter.dir/src/averagefilter.cpp.o] Error 1
make[1]: *** [CMakeFiles/averagefilter.dir/all] Error 2
make: *** [all] Error 2
