[01m[K/home/galliumos/kinetic_final/src/simple/src/MapExplorer.cpp:3:34:[m[K [01;31m[Kerror: [m[Kâ€˜[01m[Kmap_inf[m[Kâ€™ does not name a type
 int MapExplorer::map_index(const map_inf &map, const std::size_t &row,
[01;32m[K                                  ^[m[K
[01m[K/home/galliumos/kinetic_final/src/simple/src/MapExplorer.cpp:3:5:[m[K [01;31m[Kerror: [m[Kprototype for â€˜[01m[Kint MapExplorer::map_index(const int&, const size_t&, const size_t&)[m[Kâ€™ does not match any in class â€˜[01m[KMapExplorer[m[Kâ€™
 int MapExplorer::map_index(const map_inf &map, const std::size_t &row,
[01;32m[K     ^[m[K
In file included from [01m[K/home/galliumos/kinetic_final/src/simple/src/MapExplorer.cpp:1:0[m[K:
[01m[K/home/galliumos/kinetic_final/src/simple/src/MapExplorer.h:25:16:[m[K [01;31m[Kerror: [m[Kcandidate is: static int MapExplorer::map_index(const MapExplorer::MapData&, const size_t&, const size_t&)
     static int map_index(const MapData &map, const std::size_t &row,
[01;32m[K                ^[m[K
[01m[K/home/galliumos/kinetic_final/src/simple/src/MapExplorer.cpp:16:27:[m[K [01;31m[Kerror: [m[Kredefinition of â€˜[01m[Kstatic std::pair<double, double> MapExplorer::poseToMap(geometry_msgs::PoseStamped&, nav_msgs::OccupancyGrid&)[m[Kâ€™
 std::pair<double, double> MapExplorer::poseToMap(geometry_msgs::PoseStamped &pt,
[01;32m[K                           ^[m[K
In file included from [01m[K/home/galliumos/kinetic_final/src/simple/src/MapExplorer.cpp:1:0[m[K:
[01m[K/home/galliumos/kinetic_final/src/simple/src/MapExplorer.h:35:38:[m[K [01;36m[Knote: [m[Kâ€˜[01m[Kstatic std::pair<double, double> MapExplorer::poseToMap(geometry_msgs::PoseStamped&, nav_msgs::OccupancyGrid&)[m[Kâ€™ previously defined here
     static std::pair<double, double> poseToMap(geometry_msgs::PoseStamped &pt,
[01;32m[K                                      ^[m[K
make[2]: *** [CMakeFiles/averagefilter.dir/src/MapExplorer.cpp.o] Error 1
make[1]: *** [CMakeFiles/averagefilter.dir/all] Error 2
make: *** [all] Error 2
