[01m[K/home/galliumos/kinetic_final/src/simple/src/map_explorer.cpp:[m[K In function â€˜[01m[Kvoid obstacles_callback(const PoseArray&)[m[Kâ€™:
[01m[K/home/galliumos/kinetic_final/src/simple/src/map_explorer.cpp:195:9:[m[K [01;31m[Kerror: [m[Kâ€˜[01m[Kcmd_pub[m[Kâ€™ was not declared in this scope
         cmd_pub.publish(drive_command);
[01;32m[K         ^[m[K
make[2]: *** [CMakeFiles/map_explorer.dir/src/map_explorer.cpp.o] Error 1
make[1]: *** [CMakeFiles/map_explorer.dir/all] Error 2
make: *** [all] Error 2
