In file included from [01m[K/home/galliumos/kinetic_final/src/simple/src/averagefilter.cpp:7:0[m[K:
[01m[K/home/galliumos/kinetic_final/src/simple/src/MapExplorer.h:[m[K In static member function â€˜[01m[Kstatic std::pair<double, double> MapExplorer::poseToMap(geometry_msgs::PoseStamped&, nav_msgs::OccupancyGrid&)[m[Kâ€™:
[01m[K/home/galliumos/kinetic_final/src/simple/src/MapExplorer.h:87:53:[m[K [01;31m[Kerror: [m[Kâ€˜[01m[Kgrid_to_pose_Y[m[Kâ€™ was not declared in this scope
                     w_y = grid_to_pose_Y(map_data, j);
[01;32m[K                                                     ^[m[K
make[2]: *** [CMakeFiles/averagefilter.dir/src/averagefilter.cpp.o] Error 1
make[1]: *** [CMakeFiles/averagefilter.dir/all] Error 2
make: *** [all] Error 2
