[01m[K/home/galliumos/kinetic_final/src/simple/src/averagefilter.cpp:[m[K In function â€˜[01m[Kint main(int, char**)[m[Kâ€™:
[01m[K/home/galliumos/kinetic_final/src/simple/src/averagefilter.cpp:87:29:[m[K [01;31m[Kerror: [m[Kâ€˜[01m[KAStarResult[m[Kâ€™ was not declared in this scope
             boost::optional<AStarResult> AStarResult = 
[01;32m[K                             ^[m[K
[01m[K/home/galliumos/kinetic_final/src/simple/src/averagefilter.cpp:87:29:[m[K [01;36m[Knote: [m[Ksuggested alternative:
In file included from [01m[K/home/galliumos/kinetic_final/src/simple/src/averagefilter.cpp:8:0[m[K:
[01m[K/home/galliumos/kinetic_final/src/occupancy_grid_utils/include/occupancy_grid_utils/shortest_path.h:77:33:[m[K [01;36m[Knote: [m[K  â€˜[01m[Koccupancy_grid_utils::AStarResult[m[Kâ€™
 typedef std::pair<Path, double> AStarResult;
[01;32m[K                                 ^[m[K
[01m[K/home/galliumos/kinetic_final/src/simple/src/averagefilter.cpp:87:40:[m[K [01;31m[Kerror: [m[Ktemplate argument 1 is invalid
             boost::optional<AStarResult> AStarResult = 
[01;32m[K                                        ^[m[K
[01m[K/home/galliumos/kinetic_final/src/simple/src/averagefilter.cpp:[m[K In function â€˜[01m[Kvoid map_callback(const OccupancyGrid&)[m[Kâ€™:
[01m[K/home/galliumos/kinetic_final/src/simple/src/averagefilter.cpp:133:9:[m[K [01;31m[Kerror: [m[Kâ€˜[01m[Kmap_msgs[m[Kâ€™ was not declared in this scope
         map_msgs = msg;
[01;32m[K         ^[m[K
make[2]: *** [CMakeFiles/averagefilter.dir/src/averagefilter.cpp.o] Error 1
make[1]: *** [CMakeFiles/averagefilter.dir/all] Error 2
make: *** [all] Error 2
