[01m[K/home/galliumos/kinetic_final/src/simple/src/poseprinter.cpp:[m[K In function â€˜[01m[Kint main(int, char**)[m[Kâ€™:
[01m[K/home/galliumos/kinetic_final/src/simple/src/poseprinter.cpp:11:68:[m[K [01;31m[Kerror: [m[Kâ€˜[01m[Kamcl_callback[m[Kâ€™ was not declared in this scope
     ros::Subscriber amcl_sub = nh.subscribe("/averagepose", 1000, &amcl_callback);
[01;32m[K                                                                    ^[m[K
make[2]: *** [CMakeFiles/poseprinter.dir/src/poseprinter.cpp.o] Error 1
make[1]: *** [CMakeFiles/poseprinter.dir/all] Error 2
make[1]: *** Waiting for unfinished jobs....
make: *** [all] Error 2
