[35m[1mScanning dependencies of target map_explorer[0m
[ 28%] Built target obstacle_detector
[ 57%] Built target scan_to_point_cloud
[ 71%] [32mBuilding CXX object CMakeFiles/map_explorer.dir/src/map_explorer.cpp.o[0m
[01m[K/home/galliumos/kinetic_final/src/simple/src/map_explorer.cpp:[m[K In function â€˜[01m[Kvoid scan_callback(const LaserScan&)[m[Kâ€™:
[01m[K/home/galliumos/kinetic_final/src/simple/src/map_explorer.cpp:218:17:[m[K [01;31m[Kerror: [m[Kâ€˜[01m[Kturn[m[Kâ€™ was not declared in this scope
                 turn left
[01;32m[K                 ^[m[K
CMakeFiles/map_explorer.dir/build.make:62: recipe for target 'CMakeFiles/map_explorer.dir/src/map_explorer.cpp.o' failed
make[2]: *** [CMakeFiles/map_explorer.dir/src/map_explorer.cpp.o] Error 1
CMakeFiles/Makefile2:1133: recipe for target 'CMakeFiles/map_explorer.dir/all' failed
make[1]: *** [CMakeFiles/map_explorer.dir/all] Error 2
Makefile:138: recipe for target 'all' failed
make: *** [all] Error 2
