[01m[K/home/galliumos/kinetic_final/src/simple/src/obstacle_detector.cpp:13:41:[m[K [01;31m[Kerror: [m[Kâ€˜[01m[KPoseWithCovarianceStamped[m[Kâ€™ in namespace â€˜[01m[Kgeometry_msgs[m[Kâ€™ does not name a type
 void amcl_callback(const geometry_msgs::PoseWithCovarianceStamped &msg);
[01;32m[K                                         ^[m[K
[01m[K/home/galliumos/kinetic_final/src/simple/src/obstacle_detector.cpp:[m[K In function â€˜[01m[Kint main(int, char**)[m[Kâ€™:
[01m[K/home/galliumos/kinetic_final/src/simple/src/obstacle_detector.cpp:21:5:[m[K [01;31m[Kerror: [m[Kâ€˜[01m[KPubisher[m[Kâ€™ is not a member of â€˜[01m[Kros[m[Kâ€™
     ros::Pubisher obstacle_pub = nh.advertise<geometry_msgs::PoseArray>("/obstacles", 1000);
[01;32m[K     ^[m[K
[01m[K/home/galliumos/kinetic_final/src/simple/src/obstacle_detector.cpp:29:17:[m[K [01;31m[Kerror: [m[Kâ€˜[01m[Kgeometry_sgs[m[Kâ€™ has not been declared
                 geometry_sgs::Pose point;
[01;32m[K                 ^[m[K
[01m[K/home/galliumos/kinetic_final/src/simple/src/obstacle_detector.cpp:30:17:[m[K [01;31m[Kerror: [m[Kâ€˜[01m[Kpoint[m[Kâ€™ was not declared in this scope
                 point.x = point_cloud.points[i].x;
[01;32m[K                 ^[m[K
[01m[K/home/galliumos/kinetic_final/src/simple/src/obstacle_detector.cpp:38:9:[m[K [01;31m[Kerror: [m[Kâ€˜[01m[Kobstacle_pub[m[Kâ€™ was not declared in this scope
         obstacle_pub.publish(obstacles);
[01;32m[K         ^[m[K
make[2]: *** [CMakeFiles/obstacle_detector.dir/src/obstacle_detector.cpp.o] Error 1
make[1]: *** [CMakeFiles/obstacle_detector.dir/all] Error 2
make: *** [all] Error 2
