[01m[K/home/galliumos/kinetic_final/src/simple/src/averagefilter.cpp:[m[K In function â€˜[01m[Kint main(int, char**)[m[Kâ€™:
[01m[K/home/galliumos/kinetic_final/src/simple/src/averagefilter.cpp:111:29:[m[K [01;31m[Kerror: [m[Kâ€˜[01m[Kpath_completed[m[Kâ€™ was not declared in this scope
                             path_completed = true;
[01;32m[K                             ^[m[K
make[2]: *** [CMakeFiles/averagefilter.dir/src/averagefilter.cpp.o] Error 1
make[1]: *** [CMakeFiles/averagefilter.dir/all] Error 2
make: *** [all] Error 2
