[35m[1mScanning dependencies of target averagefilter[0m
[ 28%] Built target poseprinter
[ 57%] Built target move
[ 71%] [32mBuilding CXX object CMakeFiles/averagefilter.dir/src/averagefilter.cpp.o[0m
[01m[K/home/galliumos/kinetic_final/src/simple/src/averagefilter.cpp:118:0:[m[K [01;31m[Kerror: [m[Kunterminated argument list invoking macro "ROS_INFO_STREAM"
 }
[01;32m[K ^[m[K
[01m[K/home/galliumos/kinetic_final/src/simple/src/averagefilter.cpp:[m[K In function â€˜[01m[Kint main(int, char**)[m[Kâ€™:
[01m[K/home/galliumos/kinetic_final/src/simple/src/averagefilter.cpp:67:21:[m[K [01;31m[Kerror: [m[Kâ€˜[01m[KROS_INFO_STREAM[m[Kâ€™ was not declared in this scope
                     ROS_INFO_STREAM("Distance to goal: " << hypot(vertix.x - goal.target_pose.pose.position.x,
[01;32m[K                     ^[m[K
[01m[K/home/galliumos/kinetic_final/src/simple/src/averagefilter.cpp:67:21:[m[K [01;31m[Kerror: [m[Kexpected â€˜[01m[K}[m[Kâ€™ at end of input
[01m[K/home/galliumos/kinetic_final/src/simple/src/averagefilter.cpp:67:21:[m[K [01;31m[Kerror: [m[Kexpected â€˜[01m[K}[m[Kâ€™ at end of input
[01m[K/home/galliumos/kinetic_final/src/simple/src/averagefilter.cpp:67:21:[m[K [01;31m[Kerror: [m[Kexpected â€˜[01m[K}[m[Kâ€™ at end of input
[01m[K/home/galliumos/kinetic_final/src/simple/src/averagefilter.cpp:67:21:[m[K [01;31m[Kerror: [m[Kexpected â€˜[01m[K}[m[Kâ€™ at end of input
[01m[K/home/galliumos/kinetic_final/src/simple/src/averagefilter.cpp:67:21:[m[K [01;31m[Kerror: [m[Kexpected â€˜[01m[K}[m[Kâ€™ at end of input
CMakeFiles/averagefilter.dir/build.make:62: recipe for target 'CMakeFiles/averagefilter.dir/src/averagefilter.cpp.o' failed
make[2]: *** [CMakeFiles/averagefilter.dir/src/averagefilter.cpp.o] Error 1
make[1]: *** [CMakeFiles/averagefilter.dir/all] Error 2
make: *** [all] Error 2
CMakeFiles/Makefile2:104: recipe for target 'CMakeFiles/averagefilter.dir/all' failed
Makefile:138: recipe for target 'all' failed
