[01m[K/home/galliumos/kinetic_final/src/simple/src/obstacle_detector.cpp:10:16:[m[K [01;31m[Kerror: [m[Kâ€˜[01m[KPoseWithCovarianceStamped[m[Kâ€™ in namespace â€˜[01m[Kgeometry_msgs[m[Kâ€™ does not name a type
 geometry_msgs::PoseWithCovarianceStamped amcl_pose;
[01;32m[K                ^[m[K
[01m[K/home/galliumos/kinetic_final/src/simple/src/obstacle_detector.cpp:14:41:[m[K [01;31m[Kerror: [m[Kâ€˜[01m[KPoseWithCovarianceStamped[m[Kâ€™ in namespace â€˜[01m[Kgeometry_msgs[m[Kâ€™ does not name a type
 void amcl_callback(const geometry_msgs::PoseWithCovarianceStamped &msg);
[01;32m[K                                         ^[m[K
[01m[K/home/galliumos/kinetic_final/src/simple/src/obstacle_detector.cpp:[m[K In function â€˜[01m[Kint main(int, char**)[m[Kâ€™:
[01m[K/home/galliumos/kinetic_final/src/simple/src/obstacle_detector.cpp:23:5:[m[K [01;31m[Kerror: [m[Kâ€˜[01m[KPubisher[m[Kâ€™ is not a member of â€˜[01m[Kros[m[Kâ€™
     ros::Pubisher obstacle_pub = nh.advertise<geometry_msgs::PoseArray>("/obstacles", 1000);
[01;32m[K     ^[m[K
[01m[K/home/galliumos/kinetic_final/src/simple/src/obstacle_detector.cpp:31:17:[m[K [01;31m[Kerror: [m[Kâ€˜[01m[Kgeometry_sgs[m[Kâ€™ has not been declared
                 geometry_sgs::Pose point;
[01;32m[K                 ^[m[K
[01m[K/home/galliumos/kinetic_final/src/simple/src/obstacle_detector.cpp:32:17:[m[K [01;31m[Kerror: [m[Kâ€˜[01m[Kpoint[m[Kâ€™ was not declared in this scope
                 point.x = point_cloud.points[i].x;
[01;32m[K                 ^[m[K
[01m[K/home/galliumos/kinetic_final/src/simple/src/obstacle_detector.cpp:40:9:[m[K [01;31m[Kerror: [m[Kâ€˜[01m[Kobstacle_pub[m[Kâ€™ was not declared in this scope
         obstacle_pub.publish(obstacles);
[01;32m[K         ^[m[K
[01m[K/home/galliumos/kinetic_final/src/simple/src/obstacle_detector.cpp:[m[K At global scope:
[01m[K/home/galliumos/kinetic_final/src/simple/src/obstacle_detector.cpp:55:41:[m[K [01;31m[Kerror: [m[Kâ€˜[01m[KPoseWithCovarianceStamped[m[Kâ€™ in namespace â€˜[01m[Kgeometry_msgs[m[Kâ€™ does not name a type
 void amcl_callback(const geometry_msgs::PoseWithCovarianceStamped &msg) {
[01;32m[K                                         ^[m[K
[01m[K/home/galliumos/kinetic_final/src/simple/src/obstacle_detector.cpp:[m[K In function â€˜[01m[Kvoid amcl_callback(const int&)[m[Kâ€™:
[01m[K/home/galliumos/kinetic_final/src/simple/src/obstacle_detector.cpp:56:5:[m[K [01;31m[Kerror: [m[Kâ€˜[01m[Kamcl_pose[m[Kâ€™ was not declared in this scope
     amcl_pose = msg;
[01;32m[K     ^[m[K
In file included from [01m[K/opt/ros/kinetic/include/ros/serialization.h:37:0[m[K,
                 from [01m[K/opt/ros/kinetic/include/ros/publisher.h:34[m[K,
                 from [01m[K/opt/ros/kinetic/include/ros/node_handle.h:32[m[K,
                 from [01m[K/opt/ros/kinetic/include/ros/ros.h:45[m[K,
                 from [01m[K/home/galliumos/kinetic_final/src/simple/src/obstacle_detector.cpp:1[m[K:
/opt/ros/kinetic/include/ros/message_traits.h: In instantiation of â€˜[01m[Kstatic const char* ros::message_traits::MD5Sum<M>::value() [with M = int][m[Kâ€™:
[01m[K/opt/ros/kinetic/include/ros/message_traits.h:228:102:[m[K   required from â€˜[01m[Kconst char* ros::message_traits::md5sum() [with M = int][m[Kâ€™
[01m[K/opt/ros/kinetic/include/ros/subscribe_options.h:89:49:[m[K   required from â€˜[01m[Kvoid ros::SubscribeOptions::initByFullCallbackType(const string&, uint32_t, const boost::function<void(P)>&, const boost::function<boost::shared_ptr<typename ros::ParameterAdapter<P>::Message>()>&) [with P = const int&; std::__cxx11::string = std::__cxx11::basic_string<char>; uint32_t = unsigned int; typename ros::ParameterAdapter<P>::Message = int][m[Kâ€™
[01m[K/opt/ros/kinetic/include/ros/node_handle.h:658:5:[m[K   required from â€˜[01m[Kros::Subscriber ros::NodeHandle::subscribe(const string&, uint32_t, void (*)(M), const ros::TransportHints&) [with M = const int&; std::__cxx11::string = std::__cxx11::basic_string<char>; uint32_t = unsigned int][m[Kâ€™
[01m[K/home/galliumos/kinetic_final/src/simple/src/obstacle_detector.cpp:22:79:[m[K   required from here
[01m[K/opt/ros/kinetic/include/ros/message_traits.h:121:28:[m[K [01;31m[Kerror: [m[Kâ€˜[01m[K__s_getMD5Sum[m[Kâ€™ is not a member of â€˜[01m[Kint[m[Kâ€™
     return M::__s_getMD5Sum().c_str();
[01;32m[K                            ^[m[K
/opt/ros/kinetic/include/ros/message_traits.h: In instantiation of â€˜[01m[Kstatic const char* ros::message_traits::DataType<M>::value() [with M = int][m[Kâ€™:
[01m[K/opt/ros/kinetic/include/ros/message_traits.h:237:104:[m[K   required from â€˜[01m[Kconst char* ros::message_traits::datatype() [with M = int][m[Kâ€™
[01m[K/opt/ros/kinetic/include/ros/subscribe_options.h:90:53:[m[K   required from â€˜[01m[Kvoid ros::SubscribeOptions::initByFullCallbackType(const string&, uint32_t, const boost::function<void(P)>&, const boost::function<boost::shared_ptr<typename ros::ParameterAdapter<P>::Message>()>&) [with P = const int&; std::__cxx11::string = std::__cxx11::basic_string<char>; uint32_t = unsigned int; typename ros::ParameterAdapter<P>::Message = int][m[Kâ€™
[01m[K/opt/ros/kinetic/include/ros/node_handle.h:658:5:[m[K   required from â€˜[01m[Kros::Subscriber ros::NodeHandle::subscribe(const string&, uint32_t, void (*)(M), const ros::TransportHints&) [with M = const int&; std::__cxx11::string = std::__cxx11::basic_string<char>; uint32_t = unsigned int][m[Kâ€™
[01m[K/home/galliumos/kinetic_final/src/simple/src/obstacle_detector.cpp:22:79:[m[K   required from here
[01m[K/opt/ros/kinetic/include/ros/message_traits.h:138:30:[m[K [01;31m[Kerror: [m[Kâ€˜[01m[K__s_getDataType[m[Kâ€™ is not a member of â€˜[01m[Kint[m[Kâ€™
     return M::__s_getDataType().c_str();
[01;32m[K                              ^[m[K
make[2]: *** [CMakeFiles/obstacle_detector.dir/src/obstacle_detector.cpp.o] Error 1
make[1]: *** [CMakeFiles/obstacle_detector.dir/all] Error 2
make[1]: *** Waiting for unfinished jobs....
make: *** [all] Error 2
